TN:
SF:app.js
FN:30,(anonymous_0)
FN:35,(anonymous_1)
FNF:2
FNH:2
FNDA:2,(anonymous_0)
FNDA:39,(anonymous_1)
DA:5,4
DA:6,4
DA:8,4
DA:10,4
DA:11,4
DA:12,4
DA:13,4
DA:15,4
DA:17,4
DA:19,4
DA:20,4
DA:21,4
DA:22,4
DA:24,4
DA:25,4
DA:26,4
DA:30,4
DA:31,2
DA:35,4
DA:36,39
DA:37,39
DA:38,39
DA:40,39
DA:45,4
LF:24
LH:24
BRDA:36,0,0,1
BRDA:36,0,1,38
BRDA:37,1,0,39
BRDA:37,1,1,2
BRF:4
BRH:4
end_of_record
TN:
SF:config.js
FN:13,getDatabaseUri
FNF:1
FNH:1
FNDA:18,getDatabaseUri
DA:5,9
DA:6,9
DA:8,9
DA:10,9
DA:14,18
DA:22,9
DA:24,9
DA:25,9
DA:26,9
DA:27,9
DA:28,9
DA:29,9
DA:31,9
LF:13
LH:13
BRDA:8,0,0,9
BRDA:8,0,1,8
BRDA:10,1,0,9
BRDA:10,1,1,8
BRDA:14,2,0,15
BRDA:14,2,1,3
BRDA:16,3,0,3
BRDA:16,3,1,1
BRDA:22,4,0,8
BRDA:22,4,1,1
BRF:10
BRH:10
end_of_record
TN:
SF:db.js
FNF:0
FNH:0
DA:5,6
DA:6,6
DA:8,6
DA:12,6
DA:14,6
LF:5
LH:5
BRF:0
BRH:0
end_of_record
TN:
SF:expressError.js
FN:8,(anonymous_0)
FN:18,(anonymous_1)
FN:26,(anonymous_2)
FN:34,(anonymous_3)
FN:42,(anonymous_4)
FNF:5
FNH:4
FNDA:57,(anonymous_0)
FNDA:14,(anonymous_1)
FNDA:24,(anonymous_2)
FNDA:19,(anonymous_3)
FNDA:0,(anonymous_4)
DA:9,57
DA:10,57
DA:11,57
DA:19,14
DA:27,24
DA:35,19
DA:43,0
DA:47,8
LF:8
LH:7
BRDA:18,0,0,2
BRDA:26,1,0,20
BRDA:34,2,0,0
BRDA:42,3,0,0
BRF:4
BRH:2
end_of_record
TN:
SF:helpers/sql.js
FN:14,sqlForPartialUpdate
FN:19,(anonymous_1)
FNF:2
FNH:2
FNDA:17,sqlForPartialUpdate
FNDA:27,(anonymous_1)
DA:1,7
DA:15,17
DA:16,17
DA:19,14
DA:20,27
DA:23,14
DA:29,7
LF:7
LH:7
BRDA:16,0,0,3
BRDA:16,0,1,14
BRDA:20,1,0,27
BRDA:20,1,1,12
BRF:4
BRH:4
end_of_record
TN:
SF:helpers/tokens.js
FN:6,createToken
FNF:1
FNH:1
FNDA:13,createToken
DA:1,5
DA:2,5
DA:7,13
DA:10,13
DA:15,13
DA:18,5
LF:6
LH:6
BRDA:12,0,0,13
BRDA:12,0,1,8
BRF:2
BRH:2
end_of_record
TN:
SF:middleware/auth.js
FN:18,authenticateJWT
FN:36,ensureLoggedIn
FN:46,ensureIsAdmin
FN:59,ensureSameUserOrAdmin
FNF:4
FNH:4
FNDA:62,authenticateJWT
FNDA:42,ensureLoggedIn
FNDA:34,ensureIsAdmin
FNDA:22,ensureSameUserOrAdmin
DA:5,5
DA:6,5
DA:7,5
DA:19,62
DA:20,62
DA:21,62
DA:22,36
DA:23,36
DA:25,61
DA:27,1
DA:37,42
DA:38,42
DA:39,34
DA:47,34
DA:48,34
DA:49,23
DA:51,10
DA:60,22
DA:61,22
DA:63,22
DA:64,6
DA:67,15
DA:71,5
LF:23
LH:23
BRDA:20,0,0,62
BRDA:20,0,1,61
BRDA:21,1,0,36
BRDA:21,1,1,26
BRDA:38,2,0,8
BRDA:38,2,1,34
BRDA:48,3,0,23
BRDA:48,3,1,10
BRDA:63,4,0,6
BRDA:63,4,1,15
BRF:10
BRH:10
end_of_record
TN:
SF:models/_testCommon.js
FN:6,commonBeforeAll
FN:33,commonBeforeEach
FN:37,commonAfterEach
FN:41,commonAfterAll
FNF:4
FNH:4
FNDA:2,commonBeforeAll
FNDA:34,commonBeforeEach
FNDA:34,commonAfterEach
FNDA:2,commonAfterAll
DA:1,2
DA:3,2
DA:4,2
DA:8,2
DA:10,2
DA:12,2
DA:18,2
DA:34,34
DA:38,34
DA:42,2
DA:46,2
LF:11
LH:11
BRF:0
BRH:0
end_of_record
TN:
SF:models/company.js
FN:19,(anonymous_0)
FN:57,(anonymous_1)
FN:79,(anonymous_2)
FN:113,(anonymous_3)
FN:145,(anonymous_4)
FN:175,(anonymous_5)
FN:202,(anonymous_6)
FNF:7
FNH:7
FNDA:13,(anonymous_0)
FNDA:3,(anonymous_1)
FNDA:9,(anonymous_2)
FNDA:9,(anonymous_3)
FNDA:5,(anonymous_4)
FNDA:6,(anonymous_5)
FNDA:4,(anonymous_6)
DA:3,5
DA:4,5
DA:5,5
DA:20,13
DA:26,13
DA:27,1
DA:29,12
DA:47,12
DA:49,12
DA:58,3
DA:59,3
DA:67,2
DA:80,9
DA:83,2
DA:86,7
DA:88,7
DA:100,7
DA:114,9
DA:115,9
DA:117,9
DA:118,3
DA:119,3
DA:122,9
DA:123,6
DA:124,6
DA:127,9
DA:128,2
DA:129,2
DA:132,9
DA:134,9
DA:146,5
DA:156,5
DA:158,5
DA:160,3
DA:176,6
DA:182,5
DA:184,5
DA:189,5
DA:190,5
DA:192,5
DA:194,3
DA:203,4
DA:209,4
DA:211,4
DA:216,5
LF:45
LH:45
BRDA:26,0,0,1
BRDA:26,0,1,12
BRDA:80,1,0,2
BRDA:80,1,1,7
BRDA:80,2,0,9
BRDA:80,2,1,6
BRDA:80,2,2,3
BRDA:117,3,0,3
BRDA:117,3,1,6
BRDA:122,4,0,6
BRDA:122,4,1,3
BRDA:127,5,0,2
BRDA:127,5,1,7
BRDA:158,6,0,2
BRDA:158,6,1,3
BRDA:192,7,0,2
BRDA:192,7,1,3
BRDA:211,8,0,2
BRDA:211,8,1,2
BRF:19
BRH:19
end_of_record
TN:
SF:models/user.js
FN:24,(anonymous_0)
FN:59,(anonymous_1)
FN:104,(anonymous_2)
FN:126,(anonymous_3)
FN:162,(anonymous_4)
FN:195,(anonymous_5)
FNF:6
FNH:6
FNDA:7,(anonymous_0)
FNDA:19,(anonymous_1)
FNDA:3,(anonymous_2)
FNDA:5,(anonymous_3)
FNDA:8,(anonymous_4)
FNDA:5,(anonymous_5)
DA:3,5
DA:4,5
DA:5,5
DA:10,5
DA:12,5
DA:26,7
DA:38,7
DA:40,7
DA:42,4
DA:43,4
DA:44,3
DA:45,3
DA:49,4
DA:61,19
DA:68,19
DA:69,1
DA:72,18
DA:74,18
DA:94,18
DA:96,18
DA:105,3
DA:115,2
DA:127,5
DA:138,5
DA:140,5
DA:142,3
DA:163,8
DA:164,2
DA:167,8
DA:174,7
DA:176,7
DA:184,7
DA:185,7
DA:187,7
DA:189,5
DA:190,5
DA:196,5
DA:203,5
DA:205,5
DA:210,5
LF:40
LH:40
BRDA:40,0,0,4
BRDA:40,0,1,3
BRDA:43,1,0,3
BRDA:43,1,1,1
BRDA:68,2,0,1
BRDA:68,2,1,18
BRDA:140,3,0,2
BRDA:140,3,1,3
BRDA:163,4,0,2
BRDA:163,4,1,6
BRDA:187,5,0,2
BRDA:187,5,1,5
BRDA:205,6,0,2
BRDA:205,6,1,3
BRF:14
BRH:14
end_of_record
TN:
SF:routes/_testCommon.js
FN:8,commonBeforeAll
FN:73,commonBeforeEach
FN:77,commonAfterEach
FN:81,commonAfterAll
FNF:4
FNH:4
FNDA:3,commonBeforeAll
FNDA:57,commonBeforeEach
FNDA:57,commonAfterEach
FNDA:3,commonAfterAll
DA:3,3
DA:4,3
DA:5,3
DA:6,3
DA:10,3
DA:12,3
DA:14,3
DA:22,3
DA:30,3
DA:39,3
DA:47,3
DA:55,3
DA:63,3
DA:74,57
DA:78,57
DA:82,3
DA:86,3
DA:87,3
DA:90,3
LF:19
LH:19
BRF:0
BRH:0
end_of_record
TN:
SF:routes/auth.js
FN:22,(anonymous_0)
FN:29,(anonymous_1)
FN:49,(anonymous_2)
FN:56,(anonymous_3)
FNF:4
FNH:4
FNDA:5,(anonymous_0)
FNDA:2,(anonymous_1)
FNDA:3,(anonymous_2)
FNDA:5,(anonymous_3)
DA:5,4
DA:7,4
DA:8,4
DA:9,4
DA:10,4
DA:11,4
DA:12,4
DA:13,4
DA:22,4
DA:23,5
DA:28,5
DA:29,2
DA:30,2
DA:33,3
DA:34,3
DA:35,1
DA:36,1
DA:49,4
DA:50,3
DA:55,3
DA:56,5
DA:57,2
DA:60,1
DA:61,1
DA:62,1
DA:66,4
LF:26
LH:26
BRDA:28,0,0,2
BRDA:28,0,1,3
BRDA:55,1,0,2
BRDA:55,1,1,1
BRF:4
BRH:4
end_of_record
TN:
SF:routes/companies.js
FN:28,(anonymous_0)
FN:35,(anonymous_1)
FN:54,(anonymous_2)
FN:79,(anonymous_3)
FN:101,(anonymous_4)
FN:117,(anonymous_5)
FN:124,(anonymous_6)
FN:137,(anonymous_7)
FNF:8
FNH:8
FNDA:3,(anonymous_0)
FNDA:3,(anonymous_1)
FNDA:6,(anonymous_2)
FNDA:1,(anonymous_3)
FNDA:3,(anonymous_4)
FNDA:4,(anonymous_5)
FNDA:2,(anonymous_6)
FNDA:2,(anonymous_7)
DA:5,4
DA:6,4
DA:8,4
DA:9,4
DA:10,4
DA:12,4
DA:13,4
DA:14,4
DA:16,4
DA:28,4
DA:29,3
DA:34,3
DA:35,3
DA:36,2
DA:39,1
DA:40,1
DA:54,4
DA:57,6
DA:58,2
DA:59,1
DA:62,4
DA:64,4
DA:65,3
DA:68,4
DA:69,2
DA:72,4
DA:78,4
DA:79,1
DA:80,1
DA:83,3
DA:84,3
DA:85,2
DA:88,1
DA:89,1
DA:101,4
DA:102,3
DA:103,2
DA:117,4
DA:118,4
DA:123,4
DA:124,2
DA:125,2
DA:128,2
DA:129,1
DA:137,4
DA:138,2
DA:139,1
DA:143,4
LF:48
LH:48
BRDA:34,0,0,2
BRDA:34,0,1,1
BRDA:57,1,0,2
BRDA:57,1,1,4
BRDA:64,2,0,3
BRDA:64,2,1,1
BRDA:68,3,0,2
BRDA:68,3,1,2
BRDA:78,4,0,1
BRDA:78,4,1,3
BRDA:123,5,0,2
BRDA:123,5,1,2
BRF:12
BRH:12
end_of_record
TN:
SF:routes/users.js
FN:34,(anonymous_0)
FN:41,(anonymous_1)
FN:61,(anonymous_2)
FN:77,(anonymous_3)
FN:97,(anonymous_4)
FN:104,(anonymous_5)
FN:121,(anonymous_6)
FNF:7
FNH:7
FNDA:4,(anonymous_0)
FNDA:5,(anonymous_1)
FNDA:2,(anonymous_2)
FNDA:3,(anonymous_3)
FNDA:5,(anonymous_4)
FNDA:1,(anonymous_5)
FNDA:3,(anonymous_6)
DA:5,4
DA:7,4
DA:12,4
DA:13,4
DA:14,4
DA:15,4
DA:16,4
DA:17,4
DA:19,4
DA:34,4
DA:35,4
DA:40,4
DA:41,5
DA:42,2
DA:45,2
DA:46,2
DA:47,2
DA:58,4
DA:62,2
DA:63,1
DA:74,4
DA:78,3
DA:79,3
DA:80,2
DA:94,4
DA:98,5
DA:103,5
DA:104,1
DA:105,1
DA:108,4
DA:109,3
DA:118,4
DA:122,3
DA:123,2
DA:127,4
LF:35
LH:35
BRDA:40,0,0,2
BRDA:40,0,1,2
BRDA:103,1,0,1
BRDA:103,1,1,4
BRF:4
BRH:4
end_of_record
